This is pdfTeX, Version 3.1415926-1.40.10 (TeX Live 2009/Debian) (format=latex 2011.2.18)  18 FEB 2011 17:14
entering extended mode
 restricted \write18 enabled.
 %&-line parsing enabled.
**resume-web.tex
(./resume-web.tex
LaTeX2e <2009/09/24>
Babel <v3.8l> and hyphenation patterns for english, usenglishmax, dumylang, noh
yphenation, loaded.
(/usr/share/texmf-texlive/tex/latex/base/article.cls
Document Class: article 2007/10/19 v1.4h Standard LaTeX document class
(/usr/share/texmf-texlive/tex/latex/base/size11.clo
File: size11.clo 2007/10/19 v1.4h Standard LaTeX file (size option)
)
\c@part=\count79
\c@section=\count80
\c@subsection=\count81
\c@subsubsection=\count82
\c@paragraph=\count83
\c@subparagraph=\count84
\c@figure=\count85
\c@table=\count86
\abovecaptionskip=\skip41
\belowcaptionskip=\skip42
\bibindent=\dimen102
)
(/usr/share/texmf-texlive/tex/latex/preprint/fullpage.sty
Package: fullpage 1999/02/23 1.1 (PWD)
\FP@margin=\skip43
)
(/usr/share/texmf-texlive/tex/latex/graphics/color.sty
Package: color 2005/11/14 v1.0j Standard LaTeX Color (DPC)

(/etc/texmf/tex/latex/config/color.cfg
File: color.cfg 2007/01/18 v1.5 color configuration of teTeX/TeXLive
)
Package color Info: Driver file: dvips.def on input line 130.

(/usr/share/texmf-texlive/tex/latex/graphics/dvips.def
File: dvips.def 1999/02/16 v3.0i Driver-dependant file (DPC,SPQR)
)
(/usr/share/texmf-texlive/tex/latex/graphics/dvipsnam.def
File: dvipsnam.def 1999/02/16 v3.0i Driver-dependant file (DPC,SPQR)
))
No file resume-web.aux.
\openout1 = `resume-web.aux'.

LaTeX Font Info:    Checking defaults for OML/cmm/m/it on input line 39.
LaTeX Font Info:    ... okay on input line 39.
LaTeX Font Info:    Checking defaults for T1/cmr/m/n on input line 39.
LaTeX Font Info:    ... okay on input line 39.
LaTeX Font Info:    Checking defaults for OT1/cmr/m/n on input line 39.
LaTeX Font Info:    ... okay on input line 39.
LaTeX Font Info:    Checking defaults for OMS/cmsy/m/n on input line 39.
LaTeX Font Info:    ... okay on input line 39.
LaTeX Font Info:    Checking defaults for OMX/cmex/m/n on input line 39.
LaTeX Font Info:    ... okay on input line 39.
LaTeX Font Info:    Checking defaults for U/cmr/m/n on input line 39.
LaTeX Font Info:    ... okay on input line 39.
LaTeX Font Info:    External font `cmex10' loaded for size
(Font)              <10.95> on input line 41.
LaTeX Font Info:    External font `cmex10' loaded for size
(Font)              <8> on input line 41.
LaTeX Font Info:    External font `cmex10' loaded for size
(Font)              <6> on input line 41.
LaTeX Font Info:    External font `cmex10' loaded for size
(Font)              <12> on input line 50.

Overfull \hbox (6.0pt too wide) in paragraph at lines 50--52
[][][][][][][] 
 []


Overfull \hbox (6.0pt too wide) in paragraph at lines 55--56
[][][][][][][]  
 []

LaTeX Font Info:    Try loading font information for OMS+cmr on input line 58.
(/usr/share/texmf-texlive/tex/latex/base/omscmr.fd
File: omscmr.fd 1999/05/25 v2.5h Standard LaTeX font definitions
)
LaTeX Font Info:    Font shape `OMS/cmr/m/n' in size <10.95> not available
(Font)              Font shape `OMS/cmsy/m/n' tried instead on input line 58.

Overfull \hbox (6.0pt too wide) in paragraph at lines 75--76
[][][][][][][]  
 []

[1

]
Overfull \hbox (6.0pt too wide) in paragraph at lines 124--133
[][][][][][][] 
 []


Overfull \hbox (6.0pt too wide) in paragraph at lines 134--138
[][][][][][][] 
 []


Overfull \hbox (6.0pt too wide) in paragraph at lines 139--140
[][][][][][][]  
 []


Overfull \hbox (6.0pt too wide) in paragraph at lines 154--155
[][][][][][][]  
 []

[2] (./resume-web.aux) ) 
Here is how much of TeX's memory you used:
 555 strings out of 495062
 7334 string characters out of 1182644
 55650 words of memory out of 3000000
 3789 multiletter control sequences out of 15000+50000
 8253 words of font info for 29 fonts, out of 3000000 for 9000
 28 hyphenation exceptions out of 8191
 22i,7n,21p,513b,195s stack positions out of 5000i,500n,10000p,200000b,50000s

Output written on resume-web.dvi (2 pages, 9128 bytes).
